<?xml version="1.0" encoding="UTF-8"?>
<!-- Generated by org.testng.reporters.JUnitReportReporter -->
<testsuite skipped="0" hostname="PAKU-BLR-01" name="com.crm.qa.testcases.HomePageTest" tests="5" failures="0" timestamp="31 Oct 2021 10:37:09 GMT" time="108.332" errors="0">
  <testcase name="verifyCorrectUserName" time="20.983" classname="com.crm.qa.testcases.HomePageTest"/>
  <testcase name="dealsLinkTest" time="19.340" classname="com.crm.qa.testcases.HomePageTest"/>
  <testcase name="contactLinkTest" time="22.984" classname="com.crm.qa.testcases.HomePageTest"/>
  <testcase name="tasksLinkTest" time="21.729" classname="com.crm.qa.testcases.HomePageTest"/>
  <testcase name="homePageTitleTest" time="23.296" classname="com.crm.qa.testcases.HomePageTest"/>
</testsuite> <!-- com.crm.qa.testcases.HomePageTest -->
