<?xml version="1.0" encoding="UTF-8"?>
<!-- Generated by org.testng.reporters.JUnitReportReporter -->
<testsuite skipped="0" hostname="PAKU-BLR-01" name="com.crm.qa.testcases.HomePageTest" tests="5" failures="0" timestamp="02 Nov 2021 17:27:22 GMT" time="114.703" errors="0">
  <testcase name="tasksLinkTest" time="20.848" classname="com.crm.qa.testcases.HomePageTest"/>
  <testcase name="dealsLinkTest" time="21.119" classname="com.crm.qa.testcases.HomePageTest"/>
  <testcase name="homePageTitleTest" time="27.058" classname="com.crm.qa.testcases.HomePageTest"/>
  <testcase name="verifyCorrectUserName" time="23.873" classname="com.crm.qa.testcases.HomePageTest"/>
  <testcase name="contactLinkTest" time="21.805" classname="com.crm.qa.testcases.HomePageTest"/>
</testsuite> <!-- com.crm.qa.testcases.HomePageTest -->
